0 info it worked if it ends with ok
1 verbose cli [ 'node',
1 verbose cli   '/usr/local/bin/npm',
1 verbose cli   'install',
1 verbose cli   'opensubtitles-client',
1 verbose cli   '-g' ]
2 info using npm@2.1.4
3 info using node@v0.10.31
4 silly cache add args [ 'opensubtitles-client', null ]
5 verbose cache add spec opensubtitles-client
6 silly cache add parsed spec { raw: 'opensubtitles-client',
6 silly cache add   scope: null,
6 silly cache add   name: 'opensubtitles-client',
6 silly cache add   rawSpec: '',
6 silly cache add   spec: '*',
6 silly cache add   type: 'range' }
7 verbose addNamed opensubtitles-client@*
8 silly addNamed semver.valid null
9 silly addNamed semver.validRange *
10 silly addNameRange { name: 'opensubtitles-client', range: '*', hasData: false }
11 verbose mapToRegistry name opensubtitles-client
12 verbose mapToRegistry uri https://registry.npmjs.org/opensubtitles-client
13 verbose addNameRange registry:https://registry.npmjs.org/opensubtitles-client not in flight; fetching
14 verbose request on initialization, where is /opensubtitles-client
15 verbose request after pass 1, where is /opensubtitles-client
16 verbose request url raw /opensubtitles-client
17 verbose request resolving registry [ 'https://registry.npmjs.org/', './opensubtitles-client' ]
18 verbose request after pass 2, where is https://registry.npmjs.org/opensubtitles-client
19 verbose request no auth needed
20 info attempt registry request try #1 at 01:58:03
21 verbose request id 764eedd9caf72f8a
22 http request GET https://registry.npmjs.org/opensubtitles-client
23 http 200 https://registry.npmjs.org/opensubtitles-client
24 silly registry.get cb [ 200,
24 silly registry.get   { date: 'Fri, 28 Nov 2014 00:58:04 GMT',
24 silly registry.get     server: 'CouchDB/1.5.0 (Erlang OTP/R16B03)',
24 silly registry.get     etag: '"67TW0S1G82NNJK3UQ1I5H7RF9"',
24 silly registry.get     'content-type': 'application/json',
24 silly registry.get     'cache-control': 'max-age=60',
24 silly registry.get     'content-length': '37610',
24 silly registry.get     'accept-ranges': 'bytes',
24 silly registry.get     via: '1.1 varnish',
24 silly registry.get     age: '0',
24 silly registry.get     'x-served-by': 'cache-fra1236-FRA',
24 silly registry.get     'x-cache': 'MISS',
24 silly registry.get     'x-cache-hits': '0',
24 silly registry.get     'x-timer': 'S1417136283.832499,VS0,VE349',
24 silly registry.get     vary: 'Accept',
24 silly registry.get     'keep-alive': 'timeout=10, max=50',
24 silly registry.get     connection: 'Keep-Alive' } ]
25 silly addNameRange number 2 { name: 'opensubtitles-client', range: '*', hasData: true }
26 silly addNameRange versions [ 'opensubtitles-client',
26 silly addNameRange   [ '0.0.1',
26 silly addNameRange     '0.0.2',
26 silly addNameRange     '0.0.3',
26 silly addNameRange     '0.0.4',
26 silly addNameRange     '0.0.5',
26 silly addNameRange     '0.0.6',
26 silly addNameRange     '0.0.7',
26 silly addNameRange     '0.0.8',
26 silly addNameRange     '1.0.0',
26 silly addNameRange     '1.0.1',
26 silly addNameRange     '1.0.2',
26 silly addNameRange     '1.0.3',
26 silly addNameRange     '1.0.4',
26 silly addNameRange     '1.0.5',
26 silly addNameRange     '1.0.6',
26 silly addNameRange     '1.1.0',
26 silly addNameRange     '1.1.1',
26 silly addNameRange     '1.1.2',
26 silly addNameRange     '1.1.3',
26 silly addNameRange     '1.1.4',
26 silly addNameRange     '1.2.0',
26 silly addNameRange     '1.3.0' ] ]
27 verbose addNamed opensubtitles-client@1.3.0
28 silly addNamed semver.valid 1.3.0
29 silly addNamed semver.validRange 1.3.0
30 verbose addRemoteTarball https://registry.npmjs.org/opensubtitles-client/-/opensubtitles-client-1.3.0.tgz not in flight; adding
31 verbose addRemoteTarball [ 'https://registry.npmjs.org/opensubtitles-client/-/opensubtitles-client-1.3.0.tgz',
31 verbose addRemoteTarball   '1522db59b14610a2a881421c42af326011288a1e' ]
32 info retry fetch attempt 1 at 01:58:04
33 info attempt registry request try #1 at 01:58:04
34 http fetch GET https://registry.npmjs.org/opensubtitles-client/-/opensubtitles-client-1.3.0.tgz
35 http fetch 200 https://registry.npmjs.org/opensubtitles-client/-/opensubtitles-client-1.3.0.tgz
36 silly fetchAndShaCheck shasum 1522db59b14610a2a881421c42af326011288a1e
37 verbose addTmpTarball /var/folders/bh/3l0q0jb90f3csq4pdncschth0000gn/T/npm-20792-27d1a3c5/registry.npmjs.org/opensubtitles-client/-/opensubtitles-client-1.3.0.tgz not in flight; adding
38 verbose addTmpTarball already have metadata; skipping unpack for opensubtitles-client@1.3.0
39 silly cache afterAdd opensubtitles-client@1.3.0
40 verbose afterAdd /Users/michal/.npm/opensubtitles-client/1.3.0/package/package.json not in flight; writing
41 verbose afterAdd /Users/michal/.npm/opensubtitles-client/1.3.0/package/package.json written
42 silly install resolved [ { name: 'opensubtitles-client',
42 silly install resolved     preferGlobal: false,
42 silly install resolved     version: '1.3.0',
42 silly install resolved     author: { name: 'Oscar Brito', email: 'aetheon@gmail.com' },
42 silly install resolved     description: 'opensubtitles API & command line subtitles downloader',
42 silly install resolved     contributors: [ [Object] ],
42 silly install resolved     main: 'Index.js',
42 silly install resolved     repository:
42 silly install resolved      { type: 'git',
42 silly install resolved        url: 'https://github.com/aetheon/node-opensubtitles-client.git' },
42 silly install resolved     keywords:
42 silly install resolved      [ 'opensubtitles',
42 silly install resolved        'client',
42 silly install resolved        'subtitle',
42 silly install resolved        'subtitles',
42 silly install resolved        'movie',
42 silly install resolved        'rtorrent' ],
42 silly install resolved     dependencies:
42 silly install resolved      { request: '2',
42 silly install resolved        long: '1.1.2',
42 silly install resolved        'xml-mapping': '1.2',
42 silly install resolved        mustache: '0.7.0',
42 silly install resolved        Deferred: '0.1',
42 silly install resolved        q: '1.0.1',
42 silly install resolved        argparser: '0.2',
42 silly install resolved        lodash: '1.3',
42 silly install resolved        'universal-analytics': '0.3.4' },
42 silly install resolved     analyze: false,
42 silly install resolved     devDependencies:
42 silly install resolved      { 'node-inspector': '0.2',
42 silly install resolved        grunt: '*',
42 silly install resolved        'grunt-cli': '*',
42 silly install resolved        'grunt-contrib-jshint': '*',
42 silly install resolved        'grunt-mocha-test': '*',
42 silly install resolved        'expect.js': '*' },
42 silly install resolved     license: 'BSD',
42 silly install resolved     engines: { node: '>=0.10.12' },
42 silly install resolved     scripts: { test: 'grunt travis --verbose' },
42 silly install resolved     bin: { subtitler: 'bin/subtitler.bin.js' },
42 silly install resolved     bugs: { url: 'https://github.com/aetheon/node-opensubtitles-client/issues' },
42 silly install resolved     homepage: 'https://github.com/aetheon/node-opensubtitles-client',
42 silly install resolved     _id: 'opensubtitles-client@1.3.0',
42 silly install resolved     _shasum: '1522db59b14610a2a881421c42af326011288a1e',
42 silly install resolved     _resolved: 'https://registry.npmjs.org/opensubtitles-client/-/opensubtitles-client-1.3.0.tgz',
42 silly install resolved     _from: 'opensubtitles-client@*',
42 silly install resolved     _npmVersion: '1.4.9',
42 silly install resolved     _npmUser: { name: 'aetheon', email: 'aetheon@gmail.com' },
42 silly install resolved     maintainers: [ [Object] ],
42 silly install resolved     dist:
42 silly install resolved      { shasum: '1522db59b14610a2a881421c42af326011288a1e',
42 silly install resolved        tarball: 'http://registry.npmjs.org/opensubtitles-client/-/opensubtitles-client-1.3.0.tgz' },
42 silly install resolved     directories: {} } ]
43 info install opensubtitles-client@1.3.0 into /usr/local/lib
44 info installOne opensubtitles-client@1.3.0
45 verbose installOne of opensubtitles-client to /usr/local/lib not in flight; installing
46 verbose lock using /Users/michal/.npm/_locks/opensubtitles-client-c1c3755ea8409085.lock for /usr/local/lib/node_modules/opensubtitles-client
47 silly install write writing opensubtitles-client 1.3.0 to /usr/local/lib/node_modules/opensubtitles-client
48 silly cache addNamed cb opensubtitles-client@1.3.0
49 verbose unbuild lib/node_modules/opensubtitles-client
50 verbose gentlyRm vacuuming /usr/local/lib/node_modules/opensubtitles-client
51 verbose tar unpack /Users/michal/.npm/opensubtitles-client/1.3.0/package.tgz
52 verbose tar unpacking to /usr/local/lib/node_modules/opensubtitles-client
53 verbose gentlyRm vacuuming /usr/local/lib/node_modules/opensubtitles-client
54 silly gunzTarPerm modes [ '755', '644' ]
55 verbose fstream_path /usr/local/lib/node_modules/opensubtitles-client
56 verbose fstream_type Directory
57 verbose fstream_class DirWriter
58 verbose stack Error: EACCES, mkdir '/usr/local/lib/node_modules/opensubtitles-client'
59 verbose fstream_stack /usr/local/lib/node_modules/npm/node_modules/fstream/lib/dir-writer.js:36:23
59 verbose fstream_stack /usr/local/lib/node_modules/npm/node_modules/mkdirp/index.js:46:53
59 verbose fstream_stack Object.oncomplete (fs.js:107:15)
60 verbose cwd /Users/michal/Sites/tv-series
61 error Darwin 13.4.0
62 error argv "node" "/usr/local/bin/npm" "install" "opensubtitles-client" "-g"
63 error node v0.10.31
64 error npm  v2.1.4
65 error path /usr/local/lib/node_modules/opensubtitles-client
66 error code EACCES
67 error errno 3
68 error Error: EACCES, mkdir '/usr/local/lib/node_modules/opensubtitles-client'
68 error  { [Error: EACCES, mkdir '/usr/local/lib/node_modules/opensubtitles-client']
68 error   errno: 3,
68 error   code: 'EACCES',
68 error   path: '/usr/local/lib/node_modules/opensubtitles-client',
68 error   fstream_type: 'Directory',
68 error   fstream_path: '/usr/local/lib/node_modules/opensubtitles-client',
68 error   fstream_class: 'DirWriter',
68 error   fstream_stack:
68 error    [ '/usr/local/lib/node_modules/npm/node_modules/fstream/lib/dir-writer.js:36:23',
68 error      '/usr/local/lib/node_modules/npm/node_modules/mkdirp/index.js:46:53',
68 error      'Object.oncomplete (fs.js:107:15)' ] }
69 error Please try running this command again as root/Administrator.
70 verbose exit [ 3, true ]
